Detecting compiler hash for triplet x64-windows...
Compiler found: C:/Program Files/Microsoft Visual Studio/2022/Community/VC/Tools/MSVC/14.42.34433/bin/Hostx64/x64/cl.exe
The following packages will be built and installed:
    imgui[core,docking-experimental,sdl2-binding]:x64-windows@1.91.6
    sdl2:x64-windows@2.30.11
  * vcpkg-cmake:x64-windows@2024-04-23
  * vcpkg-cmake-config:x64-windows@2024-05-23
Additional packages (*) will be modified to complete this operation.
Restored 3 package(s) from C:\Users\Mat\AppData\Local\vcpkg\archives in 306 ms. Use --debug to see more details.
Installing 1/4 vcpkg-cmake-config:x64-windows@2024-05-23...
Elapsed time to handle vcpkg-cmake-config:x64-windows: 10.8 ms
vcpkg-cmake-config:x64-windows package ABI: bcfdcc4730d982f9849f843f2110a776af33b751eb071fb0d1c3773e3b944756
Installing 2/4 vcpkg-cmake:x64-windows@2024-04-23...
Elapsed time to handle vcpkg-cmake:x64-windows: 13.5 ms
vcpkg-cmake:x64-windows package ABI: b2dc8100cc3474d4de472467baeb5e7313712df9479838daf1b5ec56141eb0b8
Installing 3/4 sdl2:x64-windows@2.30.11...
Elapsed time to handle sdl2:x64-windows: 39.6 ms
sdl2:x64-windows package ABI: ac3ed6718aeb91d1c2caff097ee28f89de5a41cc58eca499456a25d73479bef7
Installing 4/4 imgui[core,docking-experimental,sdl2-binding]:x64-windows@1.91.6...
Building imgui[core,docking-experimental,sdl2-binding]:x64-windows@1.91.6...
-- Note: imgui only supports static library linkage. Building static library.
-- Using cached ocornut-imgui-v1.91.6-docking.tar.gz.
-- Cleaning sources at C:/vcpkg/vcpkg/buildtrees/imgui/src/.6-docking-d846d86591.clean. Use --editable to skip cleaning for the packages you specify.
-- Extracting source C:/vcpkg/vcpkg/downloads/ocornut-imgui-v1.91.6-docking.tar.gz
-- Using source at C:/vcpkg/vcpkg/buildtrees/imgui/src/.6-docking-d846d86591.clean
-- Found external ninja('1.12.1').
-- Configuring x64-windows
-- Building x64-windows-dbg
-- Building x64-windows-rel
-- Installing: C:/vcpkg/vcpkg/packages/imgui_x64-windows/share/imgui/copyright
-- Performing post-build validation
Stored binaries in 1 destinations in 792 ms.
Elapsed time to handle imgui:x64-windows: 8.3 s
imgui:x64-windows package ABI: 3277cd3bf577dccff91318624b09041673048f386afb57877551f7fabb06f355
Total install time: 8.4 s
sdl2 provides CMake targets:

    find_package(SDL2 CONFIG REQUIRED)
    target_link_libraries(main
        PRIVATE
        $<TARGET_NAME_IF_EXISTS:SDL2::SDL2main>
        $<IF:$<TARGET_EXISTS:SDL2::SDL2>,SDL2::SDL2,SDL2::SDL2-static>
    )

imgui provides CMake targets:

  # this is heuristically generated, and may not be correct
  find_package(imgui CONFIG REQUIRED)
  target_link_libraries(main PRIVATE imgui::imgui)

